[2025-01-23 15:38:09,920][flwr][INFO] - Starting Flower simulation, config: num_rounds=5, no round_timeout
[2025-01-23 15:38:15,162][flwr][INFO] - Flower VCE: Ray initialized with resources: {'memory': 4683458151.0, 'node:__internal_head__': 1.0, 'CPU': 12.0, 'accelerator_type:G': 1.0, 'GPU': 1.0, 'object_store_memory': 2341729075.0, 'node:115.145.163.59': 1.0}
[2025-01-23 15:38:15,162][flwr][INFO] - Optimize your simulation with Flower VCE: https://flower.ai/docs/framework/how-to-run-simulations.html
[2025-01-23 15:38:15,163][flwr][INFO] - Flower VCE: Resources for each Virtual Client: {'num_cpus': 2, 'num_gpus': 1}
[2025-01-23 15:38:15,181][flwr][INFO] - Flower VCE: Creating VirtualClientEngineActorPool with 1 actors
[2025-01-23 15:38:15,182][flwr][INFO] - [INIT]
[2025-01-23 15:38:15,182][flwr][INFO] - Requesting initial parameters from one random client
[2025-01-23 15:38:18,975][flwr][INFO] - Received initial parameters from one random client
[2025-01-23 15:38:18,975][flwr][INFO] - Evaluating initial global parameters
[2025-01-23 15:38:26,954][flwr][INFO] - initial parameters (loss, other metrics): 2.1895499207149043, {'accuracy': 0.19029523531131248, 'precision': 0.08786005462190469, 'recall': 0.1819631244550313}
[2025-01-23 15:38:26,954][flwr][INFO] - 
[2025-01-23 15:38:26,954][flwr][INFO] - [ROUND 1]
[2025-01-23 15:38:26,954][flwr][INFO] - configure_fit: strategy sampled 5 clients (out of 200)
[2025-01-23 15:38:31,254][flwr][INFO] - aggregate_fit: received 5 results and 0 failures
[2025-01-23 15:38:31,354][flwr][WARNING] - No fit_metrics_aggregation_fn provided
[2025-01-23 15:38:39,225][flwr][INFO] - fit progress: (1, 2.0670187540143448, {'accuracy': 0.182987430575855, 'precision': 0.2635838788543372, 'recall': 0.20604716378450477}, 12.271214977023192)
[2025-01-23 15:38:39,225][flwr][INFO] - configure_evaluate: strategy sampled 10 clients (out of 200)
[2025-01-23 15:38:41,432][flwr][INFO] - aggregate_evaluate: received 10 results and 0 failures
[2025-01-23 15:38:41,432][flwr][INFO] - 
[2025-01-23 15:38:41,432][flwr][INFO] - [ROUND 2]
[2025-01-23 15:38:41,432][flwr][INFO] - configure_fit: strategy sampled 5 clients (out of 200)
[2025-01-23 15:38:45,360][flwr][INFO] - aggregate_fit: received 5 results and 0 failures
[2025-01-23 15:38:53,122][flwr][INFO] - fit progress: (2, 1.8229657277882656, {'accuracy': 0.38234434375913473, 'precision': 0.35633835956308446, 'recall': 0.39420402963481893}, 26.167761709017213)
[2025-01-23 15:38:53,122][flwr][INFO] - configure_evaluate: strategy sampled 10 clients (out of 200)
[2025-01-23 15:38:55,363][flwr][INFO] - aggregate_evaluate: received 10 results and 0 failures
[2025-01-23 15:38:55,363][flwr][INFO] - 
[2025-01-23 15:38:55,363][flwr][INFO] - [ROUND 3]
[2025-01-23 15:38:55,363][flwr][INFO] - configure_fit: strategy sampled 5 clients (out of 200)
[2025-01-23 15:38:59,297][flwr][INFO] - aggregate_fit: received 5 results and 0 failures
[2025-01-23 15:39:07,128][flwr][INFO] - fit progress: (3, 1.440476605825335, {'accuracy': 0.4428529669687226, 'precision': 0.6893350293485436, 'recall': 0.4272200856288997}, 40.17409328499343)
[2025-01-23 15:39:07,128][flwr][INFO] - configure_evaluate: strategy sampled 10 clients (out of 200)
[2025-01-23 15:39:09,200][flwr][INFO] - aggregate_evaluate: received 10 results and 0 failures
[2025-01-23 15:39:09,200][flwr][INFO] - 
[2025-01-23 15:39:09,200][flwr][INFO] - [ROUND 4]
[2025-01-23 15:39:09,200][flwr][INFO] - configure_fit: strategy sampled 5 clients (out of 200)
[2025-01-23 15:39:13,251][flwr][INFO] - aggregate_fit: received 5 results and 0 failures
[2025-01-23 15:39:21,111][flwr][INFO] - fit progress: (4, 0.7023027561535345, {'accuracy': 0.7527038877521193, 'precision': 0.8131291103951723, 'recall': 0.6784366373277186}, 54.15676227101358)
[2025-01-23 15:39:21,111][flwr][INFO] - configure_evaluate: strategy sampled 10 clients (out of 200)
[2025-01-23 15:39:23,193][flwr][INFO] - aggregate_evaluate: received 10 results and 0 failures
[2025-01-23 15:39:23,193][flwr][INFO] - 
[2025-01-23 15:39:23,193][flwr][INFO] - [ROUND 5]
[2025-01-23 15:39:23,193][flwr][INFO] - configure_fit: strategy sampled 5 clients (out of 200)
[2025-01-23 15:39:27,078][flwr][INFO] - aggregate_fit: received 5 results and 0 failures
[2025-01-23 15:39:34,857][flwr][INFO] - fit progress: (5, 0.5726201223714329, {'accuracy': 0.7883659748611517, 'precision': 0.7954982323207415, 'recall': 0.7244083452281593}, 67.90272968402132)
[2025-01-23 15:39:34,857][flwr][INFO] - configure_evaluate: strategy sampled 10 clients (out of 200)
[2025-01-23 15:39:37,027][flwr][INFO] - aggregate_evaluate: received 10 results and 0 failures
[2025-01-23 15:39:37,027][flwr][INFO] - 
[2025-01-23 15:39:37,027][flwr][INFO] - [SUMMARY]
[2025-01-23 15:39:37,027][flwr][INFO] - Run finished 5 round(s) in 70.07s
[2025-01-23 15:39:37,028][flwr][INFO] - 	History (loss, distributed):
[2025-01-23 15:39:37,028][flwr][INFO] - 		round 1: 2.1230777502059937
[2025-01-23 15:39:37,028][flwr][INFO] - 		round 2: 1.8259793758392333
[2025-01-23 15:39:37,028][flwr][INFO] - 		round 3: 1.3969065964221954
[2025-01-23 15:39:37,028][flwr][INFO] - 		round 4: 0.5376899361610412
[2025-01-23 15:39:37,028][flwr][INFO] - 		round 5: 0.5757651899009943
[2025-01-23 15:39:37,028][flwr][INFO] - 	History (loss, centralized):
[2025-01-23 15:39:37,028][flwr][INFO] - 		round 0: 2.1895499207149043
[2025-01-23 15:39:37,028][flwr][INFO] - 		round 1: 2.0670187540143448
[2025-01-23 15:39:37,028][flwr][INFO] - 		round 2: 1.8229657277882656
[2025-01-23 15:39:37,028][flwr][INFO] - 		round 3: 1.440476605825335
[2025-01-23 15:39:37,028][flwr][INFO] - 		round 4: 0.7023027561535345
[2025-01-23 15:39:37,028][flwr][INFO] - 		round 5: 0.5726201223714329
[2025-01-23 15:39:37,028][flwr][INFO] - 	History (metrics, distributed, evaluate):
[2025-01-23 15:39:37,028][flwr][INFO] - 	{'accuracy': [(1, 0.13333333333333333),
[2025-01-23 15:39:37,028][flwr][INFO] - 	              (2, 0.4),
[2025-01-23 15:39:37,028][flwr][INFO] - 	              (3, 0.4166666666666667),
[2025-01-23 15:39:37,028][flwr][INFO] - 	              (4, 0.8166666666666667),
[2025-01-23 15:39:37,028][flwr][INFO] - 	              (5, 0.8)]}
[2025-01-23 15:39:37,028][flwr][INFO] - 	History (metrics, centralized):
[2025-01-23 15:39:37,029][flwr][INFO] - 	{'accuracy': [(0, 0.19029523531131248),
[2025-01-23 15:39:37,029][flwr][INFO] - 	              (1, 0.182987430575855),
[2025-01-23 15:39:37,029][flwr][INFO] - 	              (2, 0.38234434375913473),
[2025-01-23 15:39:37,029][flwr][INFO] - 	              (3, 0.4428529669687226),
[2025-01-23 15:39:37,029][flwr][INFO] - 	              (4, 0.7527038877521193),
[2025-01-23 15:39:37,029][flwr][INFO] - 	              (5, 0.7883659748611517)],
[2025-01-23 15:39:37,029][flwr][INFO] - 	 'precision': [(0, 0.08786005462190469),
[2025-01-23 15:39:37,029][flwr][INFO] - 	               (1, 0.2635838788543372),
[2025-01-23 15:39:37,029][flwr][INFO] - 	               (2, 0.35633835956308446),
[2025-01-23 15:39:37,029][flwr][INFO] - 	               (3, 0.6893350293485436),
[2025-01-23 15:39:37,029][flwr][INFO] - 	               (4, 0.8131291103951723),
[2025-01-23 15:39:37,029][flwr][INFO] - 	               (5, 0.7954982323207415)],
[2025-01-23 15:39:37,029][flwr][INFO] - 	 'recall': [(0, 0.1819631244550313),
[2025-01-23 15:39:37,029][flwr][INFO] - 	            (1, 0.20604716378450477),
[2025-01-23 15:39:37,029][flwr][INFO] - 	            (2, 0.39420402963481893),
[2025-01-23 15:39:37,029][flwr][INFO] - 	            (3, 0.4272200856288997),
[2025-01-23 15:39:37,029][flwr][INFO] - 	            (4, 0.6784366373277186),
[2025-01-23 15:39:37,029][flwr][INFO] - 	            (5, 0.7244083452281593)]}
[2025-01-23 15:39:37,029][flwr][INFO] - 
