[2025-01-24 10:04:33,439][flwr][INFO] - Starting Flower simulation, config: num_rounds=5, no round_timeout
[2025-01-24 10:04:38,821][flwr][INFO] - Flower VCE: Ray initialized with resources: {'CPU': 12.0, 'node:__internal_head__': 1.0, 'memory': 6869837415.0, 'GPU': 1.0, 'accelerator_type:G': 1.0, 'object_store_memory': 3434918707.0, 'node:115.145.163.59': 1.0}
[2025-01-24 10:04:38,821][flwr][INFO] - Optimize your simulation with Flower VCE: https://flower.ai/docs/framework/how-to-run-simulations.html
[2025-01-24 10:04:38,821][flwr][INFO] - Flower VCE: Resources for each Virtual Client: {'num_cpus': 2, 'num_gpus': 1}
[2025-01-24 10:04:38,834][flwr][INFO] - Flower VCE: Creating VirtualClientEngineActorPool with 1 actors
[2025-01-24 10:04:38,835][flwr][INFO] - [INIT]
[2025-01-24 10:04:38,835][flwr][INFO] - Requesting initial parameters from one random client
[2025-01-24 10:04:43,702][flwr][INFO] - Received initial parameters from one random client
[2025-01-24 10:04:43,702][flwr][INFO] - Evaluating initial global parameters
[2025-01-24 10:05:09,205][flwr][INFO] - initial parameters (loss, other metrics): 2.0977995161698244, {'accuracy': 0.12920198772288805, 'precision': 0.12782269653934264, 'recall': 0.1311212126127162}
[2025-01-24 10:05:09,206][flwr][INFO] - 
[2025-01-24 10:05:09,206][flwr][INFO] - [ROUND 1]
[2025-01-24 10:05:09,206][flwr][INFO] - configure_fit: strategy sampled 5 clients (out of 200)
[2025-01-24 10:05:27,470][flwr][INFO] - aggregate_fit: received 5 results and 0 failures
[2025-01-24 10:05:28,051][flwr][WARNING] - No fit_metrics_aggregation_fn provided
[2025-01-24 10:05:52,808][flwr][INFO] - fit progress: (1, 1.9825420691588214, {'accuracy': 0.22624963460976322, 'precision': 0.1617134578350507, 'recall': 0.1839879123482089}, 43.602313008042984)
[2025-01-24 10:05:52,809][flwr][INFO] - configure_evaluate: strategy sampled 10 clients (out of 200)
[2025-01-24 10:06:02,115][flwr][INFO] - aggregate_evaluate: received 10 results and 0 failures
[2025-01-24 10:06:02,116][flwr][WARNING] - No evaluate_metrics_aggregation_fn provided
[2025-01-24 10:06:02,116][flwr][INFO] - 
[2025-01-24 10:06:02,116][flwr][INFO] - [ROUND 2]
[2025-01-24 10:06:02,116][flwr][INFO] - configure_fit: strategy sampled 5 clients (out of 200)
[2025-01-24 10:06:19,378][flwr][INFO] - aggregate_fit: received 5 results and 0 failures
[2025-01-24 10:06:44,710][flwr][INFO] - fit progress: (2, 1.5785739343857097, {'accuracy': 0.4492838351359252, 'precision': 0.35225272192291146, 'recall': 0.41024090326082435}, 95.50442637305241)
[2025-01-24 10:06:44,711][flwr][INFO] - configure_evaluate: strategy sampled 10 clients (out of 200)
[2025-01-24 10:06:53,814][flwr][INFO] - aggregate_evaluate: received 10 results and 0 failures
[2025-01-24 10:06:53,814][flwr][INFO] - 
[2025-01-24 10:06:53,815][flwr][INFO] - [ROUND 3]
[2025-01-24 10:06:53,815][flwr][INFO] - configure_fit: strategy sampled 5 clients (out of 200)
[2025-01-24 10:07:11,140][flwr][INFO] - aggregate_fit: received 5 results and 0 failures
[2025-01-24 10:07:36,520][flwr][INFO] - fit progress: (3, 1.5962974178456815, {'accuracy': 0.4402221572639579, 'precision': 0.3292604192565329, 'recall': 0.3793163415903518}, 147.31458929402288)
[2025-01-24 10:07:36,521][flwr][INFO] - configure_evaluate: strategy sampled 10 clients (out of 200)
[2025-01-24 10:07:45,612][flwr][INFO] - aggregate_evaluate: received 10 results and 0 failures
[2025-01-24 10:07:45,612][flwr][INFO] - 
[2025-01-24 10:07:45,612][flwr][INFO] - [ROUND 4]
[2025-01-24 10:07:45,613][flwr][INFO] - configure_fit: strategy sampled 5 clients (out of 200)
[2025-01-24 10:08:02,734][flwr][INFO] - aggregate_fit: received 5 results and 0 failures
[2025-01-24 10:08:28,219][flwr][INFO] - fit progress: (4, 3.592075897154407, {'accuracy': 0.5083308973984215, 'precision': 0.6845962676825219, 'recall': 0.45438271306246536}, 199.01351440302096)
[2025-01-24 10:08:28,219][flwr][INFO] - configure_evaluate: strategy sampled 10 clients (out of 200)
[2025-01-24 10:08:37,245][flwr][INFO] - aggregate_evaluate: received 10 results and 0 failures
[2025-01-24 10:08:37,245][flwr][INFO] - 
[2025-01-24 10:08:37,245][flwr][INFO] - [ROUND 5]
[2025-01-24 10:08:37,245][flwr][INFO] - configure_fit: strategy sampled 5 clients (out of 200)
[2025-01-24 10:08:58,851][flwr][INFO] - aggregate_fit: received 5 results and 0 failures
[2025-01-24 10:09:24,803][flwr][INFO] - fit progress: (5, 1.1253942345904413, {'accuracy': 0.6112247880736627, 'precision': 0.5631703629620914, 'recall': 0.5307448765258894}, 255.59782777301734)
[2025-01-24 10:09:24,804][flwr][INFO] - configure_evaluate: strategy sampled 10 clients (out of 200)
[2025-01-24 10:09:34,407][flwr][INFO] - aggregate_evaluate: received 10 results and 0 failures
[2025-01-24 10:09:34,414][flwr][INFO] - 
[2025-01-24 10:09:34,414][flwr][INFO] - [SUMMARY]
[2025-01-24 10:09:34,414][flwr][INFO] - Run finished 5 round(s) in 265.20s
[2025-01-24 10:09:34,415][flwr][INFO] - 	History (loss, distributed):
[2025-01-24 10:09:34,415][flwr][INFO] - 		round 1: 1.9198320388793946
[2025-01-24 10:09:34,415][flwr][INFO] - 		round 2: 1.1968231320381164
[2025-01-24 10:09:34,415][flwr][INFO] - 		round 3: 1.63728306889534
[2025-01-24 10:09:34,415][flwr][INFO] - 		round 4: 3.0612815082073213
[2025-01-24 10:09:34,415][flwr][INFO] - 		round 5: 0.9467195078730584
[2025-01-24 10:09:34,415][flwr][INFO] - 	History (loss, centralized):
[2025-01-24 10:09:34,415][flwr][INFO] - 		round 0: 2.0977995161698244
[2025-01-24 10:09:34,415][flwr][INFO] - 		round 1: 1.9825420691588214
[2025-01-24 10:09:34,415][flwr][INFO] - 		round 2: 1.5785739343857097
[2025-01-24 10:09:34,415][flwr][INFO] - 		round 3: 1.5962974178456815
[2025-01-24 10:09:34,415][flwr][INFO] - 		round 4: 3.592075897154407
[2025-01-24 10:09:34,415][flwr][INFO] - 		round 5: 1.1253942345904413
[2025-01-24 10:09:34,415][flwr][INFO] - 	History (metrics, centralized):
[2025-01-24 10:09:34,415][flwr][INFO] - 	{'accuracy': [(0, 0.12920198772288805),
[2025-01-24 10:09:34,415][flwr][INFO] - 	              (1, 0.22624963460976322),
[2025-01-24 10:09:34,415][flwr][INFO] - 	              (2, 0.4492838351359252),
[2025-01-24 10:09:34,416][flwr][INFO] - 	              (3, 0.4402221572639579),
[2025-01-24 10:09:34,416][flwr][INFO] - 	              (4, 0.5083308973984215),
[2025-01-24 10:09:34,416][flwr][INFO] - 	              (5, 0.6112247880736627)],
[2025-01-24 10:09:34,416][flwr][INFO] - 	 'precision': [(0, 0.12782269653934264),
[2025-01-24 10:09:34,416][flwr][INFO] - 	               (1, 0.1617134578350507),
[2025-01-24 10:09:34,416][flwr][INFO] - 	               (2, 0.35225272192291146),
[2025-01-24 10:09:34,416][flwr][INFO] - 	               (3, 0.3292604192565329),
[2025-01-24 10:09:34,416][flwr][INFO] - 	               (4, 0.6845962676825219),
[2025-01-24 10:09:34,416][flwr][INFO] - 	               (5, 0.5631703629620914)],
[2025-01-24 10:09:34,416][flwr][INFO] - 	 'recall': [(0, 0.1311212126127162),
[2025-01-24 10:09:34,416][flwr][INFO] - 	            (1, 0.1839879123482089),
[2025-01-24 10:09:34,416][flwr][INFO] - 	            (2, 0.41024090326082435),
[2025-01-24 10:09:34,416][flwr][INFO] - 	            (3, 0.3793163415903518),
[2025-01-24 10:09:34,416][flwr][INFO] - 	            (4, 0.45438271306246536),
[2025-01-24 10:09:34,416][flwr][INFO] - 	            (5, 0.5307448765258894)]}
[2025-01-24 10:09:34,416][flwr][INFO] - 
