[2025-01-24 09:46:36,358][flwr][INFO] - Starting Flower simulation, config: num_rounds=5, no round_timeout
[2025-01-24 09:46:41,638][flwr][INFO] - Flower VCE: Ray initialized with resources: {'CPU': 12.0, 'memory': 4681007924.0, 'node:__internal_head__': 1.0, 'GPU': 1.0, 'accelerator_type:G': 1.0, 'node:115.145.163.59': 1.0, 'object_store_memory': 2340503961.0}
[2025-01-24 09:46:41,638][flwr][INFO] - Optimize your simulation with Flower VCE: https://flower.ai/docs/framework/how-to-run-simulations.html
[2025-01-24 09:46:41,638][flwr][INFO] - Flower VCE: Resources for each Virtual Client: {'num_cpus': 2, 'num_gpus': 1}
[2025-01-24 09:46:41,651][flwr][INFO] - Flower VCE: Creating VirtualClientEngineActorPool with 1 actors
[2025-01-24 09:46:41,652][flwr][INFO] - [INIT]
[2025-01-24 09:46:41,652][flwr][INFO] - Requesting initial parameters from one random client
[2025-01-24 09:46:48,911][flwr][INFO] - Received initial parameters from one random client
[2025-01-24 09:46:48,911][flwr][INFO] - Evaluating initial global parameters
[2025-01-24 09:47:13,967][flwr][INFO] - initial parameters (loss, other metrics): 2.1523080807979977, {'accuracy': 0.04852382344343759, 'precision': 0.06030575697662262, 'recall': 0.0722666729556095}
[2025-01-24 09:47:13,967][flwr][INFO] - 
[2025-01-24 09:47:13,967][flwr][INFO] - [ROUND 1]
[2025-01-24 09:47:13,967][flwr][INFO] - configure_fit: strategy sampled 5 clients (out of 200)
[2025-01-24 09:47:37,125][flwr][INFO] - aggregate_fit: received 5 results and 0 failures
[2025-01-24 09:47:38,800][flwr][WARNING] - No fit_metrics_aggregation_fn provided
[2025-01-24 09:48:04,183][flwr][INFO] - fit progress: (1, 2.2884773639875036, {'accuracy': 0.17392575270388774, 'precision': 0.10878907173594364, 'recall': 0.1498146462524701}, 50.215577843016945)
[2025-01-24 09:48:04,184][flwr][INFO] - configure_evaluate: strategy sampled 10 clients (out of 200)
[2025-01-24 09:48:47,902][flwr][INFO] - aggregate_evaluate: received 10 results and 0 failures
[2025-01-24 09:48:47,925][flwr][INFO] - 
[2025-01-24 09:48:47,925][flwr][INFO] - [ROUND 2]
[2025-01-24 09:48:47,925][flwr][INFO] - configure_fit: strategy sampled 5 clients (out of 200)
[2025-01-24 09:49:05,671][flwr][INFO] - aggregate_fit: received 5 results and 0 failures
[2025-01-24 09:49:31,088][flwr][INFO] - fit progress: (2, 3.0977649031398453, {'accuracy': 0.4048523823443438, 'precision': 0.4185849038672318, 'recall': 0.3154561024114805}, 137.12066371901892)
[2025-01-24 09:49:31,088][flwr][INFO] - configure_evaluate: strategy sampled 10 clients (out of 200)
[2025-01-24 09:49:40,592][flwr][INFO] - aggregate_evaluate: received 10 results and 0 failures
[2025-01-24 09:49:40,593][flwr][INFO] - 
[2025-01-24 09:49:40,593][flwr][INFO] - [ROUND 3]
[2025-01-24 09:49:40,593][flwr][INFO] - configure_fit: strategy sampled 5 clients (out of 200)
[2025-01-24 09:49:57,938][flwr][INFO] - aggregate_fit: received 5 results and 0 failures
[2025-01-24 09:50:23,249][flwr][INFO] - fit progress: (3, 4.539149315557747, {'accuracy': 0.3218357205495469, 'precision': 0.4555890337745348, 'recall': 0.2575810804564435}, 189.2816772480146)
[2025-01-24 09:50:23,249][flwr][INFO] - configure_evaluate: strategy sampled 10 clients (out of 200)
[2025-01-24 09:50:32,193][flwr][INFO] - aggregate_evaluate: received 10 results and 0 failures
[2025-01-24 09:50:32,193][flwr][INFO] - 
[2025-01-24 09:50:32,193][flwr][INFO] - [ROUND 4]
[2025-01-24 09:50:32,193][flwr][INFO] - configure_fit: strategy sampled 5 clients (out of 200)
[2025-01-24 09:50:49,580][flwr][INFO] - aggregate_fit: received 5 results and 0 failures
[2025-01-24 09:51:15,030][flwr][INFO] - fit progress: (4, 1.5134005229049754, {'accuracy': 0.5495469161064016, 'precision': 0.7095387612053989, 'recall': 0.4893338588403548}, 241.06323284102837)
[2025-01-24 09:51:15,031][flwr][INFO] - configure_evaluate: strategy sampled 10 clients (out of 200)
[2025-01-24 09:51:23,955][flwr][INFO] - aggregate_evaluate: received 10 results and 0 failures
[2025-01-24 09:51:23,955][flwr][INFO] - 
[2025-01-24 09:51:23,955][flwr][INFO] - [ROUND 5]
[2025-01-24 09:51:23,955][flwr][INFO] - configure_fit: strategy sampled 5 clients (out of 200)
[2025-01-24 09:51:41,334][flwr][INFO] - aggregate_fit: received 5 results and 0 failures
[2025-01-24 09:52:06,815][flwr][INFO] - fit progress: (5, 3.168521287285279, {'accuracy': 0.4668225665010231, 'precision': 0.5567734267062299, 'recall': 0.43685847595254174}, 292.84738350100815)
[2025-01-24 09:52:06,815][flwr][INFO] - configure_evaluate: strategy sampled 10 clients (out of 200)
[2025-01-24 09:52:15,612][flwr][INFO] - aggregate_evaluate: received 10 results and 0 failures
[2025-01-24 09:52:15,614][flwr][INFO] - 
[2025-01-24 09:52:15,614][flwr][INFO] - [SUMMARY]
[2025-01-24 09:52:15,614][flwr][INFO] - Run finished 5 round(s) in 301.65s
[2025-01-24 09:52:15,614][flwr][INFO] - 	History (loss, distributed):
[2025-01-24 09:52:15,615][flwr][INFO] - 		round 1: 2.674367880821228
[2025-01-24 09:52:15,615][flwr][INFO] - 		round 2: 2.322537386417389
[2025-01-24 09:52:15,615][flwr][INFO] - 		round 3: 5.308496057987213
[2025-01-24 09:52:15,615][flwr][INFO] - 		round 4: 1.555966215580702
[2025-01-24 09:52:15,615][flwr][INFO] - 		round 5: 3.2507732033729555
[2025-01-24 09:52:15,615][flwr][INFO] - 	History (loss, centralized):
[2025-01-24 09:52:15,615][flwr][INFO] - 		round 0: 2.1523080807979977
[2025-01-24 09:52:15,615][flwr][INFO] - 		round 1: 2.2884773639875036
[2025-01-24 09:52:15,615][flwr][INFO] - 		round 2: 3.0977649031398453
[2025-01-24 09:52:15,615][flwr][INFO] - 		round 3: 4.539149315557747
[2025-01-24 09:52:15,615][flwr][INFO] - 		round 4: 1.5134005229049754
[2025-01-24 09:52:15,615][flwr][INFO] - 		round 5: 3.168521287285279
[2025-01-24 09:52:15,615][flwr][INFO] - 	History (metrics, distributed, evaluate):
[2025-01-24 09:52:15,615][flwr][INFO] - 	{'accuracy': [(1, 0.13333333333333333),
[2025-01-24 09:52:15,615][flwr][INFO] - 	              (2, 0.3333333333333333),
[2025-01-24 09:52:15,615][flwr][INFO] - 	              (3, 0.36666666666666664),
[2025-01-24 09:52:15,615][flwr][INFO] - 	              (4, 0.5333333333333333),
[2025-01-24 09:52:15,615][flwr][INFO] - 	              (5, 0.48333333333333334)]}
[2025-01-24 09:52:15,615][flwr][INFO] - 	History (metrics, centralized):
[2025-01-24 09:52:15,615][flwr][INFO] - 	{'accuracy': [(0, 0.04852382344343759),
[2025-01-24 09:52:15,616][flwr][INFO] - 	              (1, 0.17392575270388774),
[2025-01-24 09:52:15,616][flwr][INFO] - 	              (2, 0.4048523823443438),
[2025-01-24 09:52:15,616][flwr][INFO] - 	              (3, 0.3218357205495469),
[2025-01-24 09:52:15,616][flwr][INFO] - 	              (4, 0.5495469161064016),
[2025-01-24 09:52:15,616][flwr][INFO] - 	              (5, 0.4668225665010231)],
[2025-01-24 09:52:15,616][flwr][INFO] - 	 'precision': [(0, 0.06030575697662262),
[2025-01-24 09:52:15,616][flwr][INFO] - 	               (1, 0.10878907173594364),
[2025-01-24 09:52:15,616][flwr][INFO] - 	               (2, 0.4185849038672318),
[2025-01-24 09:52:15,616][flwr][INFO] - 	               (3, 0.4555890337745348),
[2025-01-24 09:52:15,616][flwr][INFO] - 	               (4, 0.7095387612053989),
[2025-01-24 09:52:15,616][flwr][INFO] - 	               (5, 0.5567734267062299)],
[2025-01-24 09:52:15,616][flwr][INFO] - 	 'recall': [(0, 0.0722666729556095),
[2025-01-24 09:52:15,616][flwr][INFO] - 	            (1, 0.1498146462524701),
[2025-01-24 09:52:15,616][flwr][INFO] - 	            (2, 0.3154561024114805),
[2025-01-24 09:52:15,616][flwr][INFO] - 	            (3, 0.2575810804564435),
[2025-01-24 09:52:15,616][flwr][INFO] - 	            (4, 0.4893338588403548),
[2025-01-24 09:52:15,616][flwr][INFO] - 	            (5, 0.43685847595254174)]}
[2025-01-24 09:52:15,616][flwr][INFO] - 
