[2025-01-23 14:08:02,741][flwr][INFO] - Starting Flower simulation, config: num_rounds=5, no round_timeout
[2025-01-23 14:08:08,144][flwr][INFO] - Flower VCE: Ray initialized with resources: {'node:__internal_head__': 1.0, 'memory': 5376889652.0, 'CPU': 12.0, 'node:115.145.163.59': 1.0, 'object_store_memory': 2688444825.0, 'GPU': 1.0, 'accelerator_type:G': 1.0}
[2025-01-23 14:08:08,144][flwr][INFO] - Optimize your simulation with Flower VCE: https://flower.ai/docs/framework/how-to-run-simulations.html
[2025-01-23 14:08:08,144][flwr][INFO] - Flower VCE: Resources for each Virtual Client: {'num_cpus': 2, 'num_gpus': 1}
[2025-01-23 14:08:08,160][flwr][INFO] - Flower VCE: Creating VirtualClientEngineActorPool with 1 actors
[2025-01-23 14:08:08,161][flwr][INFO] - [INIT]
[2025-01-23 14:08:08,161][flwr][INFO] - Requesting initial parameters from one random client
[2025-01-23 14:08:12,085][flwr][INFO] - Received initial parameters from one random client
[2025-01-23 14:08:12,086][flwr][INFO] - Evaluating initial global parameters
[2025-01-23 14:08:20,598][flwr][INFO] - initial parameters (loss, other metrics): 244.75309300422668, {'accuracy': 0.011107863197895352}
[2025-01-23 14:08:20,598][flwr][INFO] - 
[2025-01-23 14:08:20,598][flwr][INFO] - [ROUND 1]
[2025-01-23 14:08:20,598][flwr][INFO] - configure_fit: strategy sampled 5 clients (out of 200)
[2025-01-23 14:08:25,074][flwr][INFO] - aggregate_fit: received 5 results and 0 failures
[2025-01-23 14:08:25,176][flwr][WARNING] - No fit_metrics_aggregation_fn provided
[2025-01-23 14:08:33,398][flwr][INFO] - fit progress: (1, 222.84887719154358, {'accuracy': 0.19643379128909674}, 12.799613656010479)
[2025-01-23 14:08:33,398][flwr][INFO] - configure_evaluate: strategy sampled 10 clients (out of 200)
[2025-01-23 14:08:35,588][flwr][INFO] - aggregate_evaluate: received 10 results and 0 failures
[2025-01-23 14:08:35,588][flwr][INFO] - 
[2025-01-23 14:08:35,588][flwr][INFO] - [ROUND 2]
[2025-01-23 14:08:35,589][flwr][INFO] - configure_fit: strategy sampled 5 clients (out of 200)
[2025-01-23 14:08:39,537][flwr][INFO] - aggregate_fit: received 5 results and 0 failures
[2025-01-23 14:08:47,598][flwr][INFO] - fit progress: (2, 196.525257229805, {'accuracy': 0.2578193510669395}, 27.00043918204028)
[2025-01-23 14:08:47,599][flwr][INFO] - configure_evaluate: strategy sampled 10 clients (out of 200)
[2025-01-23 14:08:49,702][flwr][INFO] - aggregate_evaluate: received 10 results and 0 failures
[2025-01-23 14:08:49,702][flwr][INFO] - 
[2025-01-23 14:08:49,702][flwr][INFO] - [ROUND 3]
[2025-01-23 14:08:49,702][flwr][INFO] - configure_fit: strategy sampled 5 clients (out of 200)
[2025-01-23 14:08:53,541][flwr][INFO] - aggregate_fit: received 5 results and 0 failures
[2025-01-23 14:09:01,726][flwr][INFO] - fit progress: (3, 172.15040636062622, {'accuracy': 0.4232680502776966}, 41.128133492020424)
[2025-01-23 14:09:01,726][flwr][INFO] - configure_evaluate: strategy sampled 10 clients (out of 200)
[2025-01-23 14:09:03,842][flwr][INFO] - aggregate_evaluate: received 10 results and 0 failures
[2025-01-23 14:09:03,842][flwr][INFO] - 
[2025-01-23 14:09:03,842][flwr][INFO] - [ROUND 4]
[2025-01-23 14:09:03,842][flwr][INFO] - configure_fit: strategy sampled 5 clients (out of 200)
[2025-01-23 14:09:07,959][flwr][INFO] - aggregate_fit: received 5 results and 0 failures
[2025-01-23 14:09:16,204][flwr][INFO] - fit progress: (4, 101.32076555490494, {'accuracy': 0.6936568254896229}, 55.60571927099954)
[2025-01-23 14:09:16,204][flwr][INFO] - configure_evaluate: strategy sampled 10 clients (out of 200)
[2025-01-23 14:09:18,188][flwr][INFO] - aggregate_evaluate: received 10 results and 0 failures
[2025-01-23 14:09:18,188][flwr][INFO] - 
[2025-01-23 14:09:18,188][flwr][INFO] - [ROUND 5]
[2025-01-23 14:09:18,189][flwr][INFO] - configure_fit: strategy sampled 5 clients (out of 200)
[2025-01-23 14:09:22,065][flwr][INFO] - aggregate_fit: received 5 results and 0 failures
[2025-01-23 14:09:30,119][flwr][INFO] - fit progress: (5, 88.43520013988018, {'accuracy': 0.7126571178018123}, 69.52138552401448)
[2025-01-23 14:09:30,120][flwr][INFO] - configure_evaluate: strategy sampled 10 clients (out of 200)
[2025-01-23 14:09:32,271][flwr][INFO] - aggregate_evaluate: received 10 results and 0 failures
[2025-01-23 14:09:32,271][flwr][INFO] - 
[2025-01-23 14:09:32,272][flwr][INFO] - [SUMMARY]
[2025-01-23 14:09:32,272][flwr][INFO] - Run finished 5 round(s) in 71.67s
[2025-01-23 14:09:32,272][flwr][INFO] - 	History (loss, distributed):
[2025-01-23 14:09:32,272][flwr][INFO] - 		round 1: 2.1046113848686216
[2025-01-23 14:09:32,272][flwr][INFO] - 		round 2: 1.814480483531952
[2025-01-23 14:09:32,272][flwr][INFO] - 		round 3: 1.3972512841224671
[2025-01-23 14:09:32,272][flwr][INFO] - 		round 4: 1.2222164392471313
[2025-01-23 14:09:32,272][flwr][INFO] - 		round 5: 0.8819420352578163
[2025-01-23 14:09:32,272][flwr][INFO] - 	History (loss, centralized):
[2025-01-23 14:09:32,272][flwr][INFO] - 		round 0: 244.75309300422668
[2025-01-23 14:09:32,272][flwr][INFO] - 		round 1: 222.84887719154358
[2025-01-23 14:09:32,272][flwr][INFO] - 		round 2: 196.525257229805
[2025-01-23 14:09:32,273][flwr][INFO] - 		round 3: 172.15040636062622
[2025-01-23 14:09:32,273][flwr][INFO] - 		round 4: 101.32076555490494
[2025-01-23 14:09:32,273][flwr][INFO] - 		round 5: 88.43520013988018
[2025-01-23 14:09:32,273][flwr][INFO] - 	History (metrics, distributed, evaluate):
[2025-01-23 14:09:32,273][flwr][INFO] - 	{'accuracy': [(1, 0.18333333333333332),
[2025-01-23 14:09:32,273][flwr][INFO] - 	              (2, 0.26666666666666666),
[2025-01-23 14:09:32,273][flwr][INFO] - 	              (3, 0.4666666666666667),
[2025-01-23 14:09:32,273][flwr][INFO] - 	              (4, 0.6166666666666667),
[2025-01-23 14:09:32,273][flwr][INFO] - 	              (5, 0.6166666666666667)]}
[2025-01-23 14:09:32,273][flwr][INFO] - 	History (metrics, centralized):
[2025-01-23 14:09:32,273][flwr][INFO] - 	{'accuracy': [(0, 0.011107863197895352),
[2025-01-23 14:09:32,273][flwr][INFO] - 	              (1, 0.19643379128909674),
[2025-01-23 14:09:32,273][flwr][INFO] - 	              (2, 0.2578193510669395),
[2025-01-23 14:09:32,273][flwr][INFO] - 	              (3, 0.4232680502776966),
[2025-01-23 14:09:32,273][flwr][INFO] - 	              (4, 0.6936568254896229),
[2025-01-23 14:09:32,273][flwr][INFO] - 	              (5, 0.7126571178018123)]}
[2025-01-23 14:09:32,273][flwr][INFO] - 
