[2025-01-24 10:02:44,644][flwr][INFO] - Starting Flower simulation, config: num_rounds=5, no round_timeout
[2025-01-24 10:02:54,160][flwr][INFO] - Flower VCE: Ray initialized with resources: {'CPU': 12.0, 'memory': 6870269952.0, 'node:__internal_head__': 1.0, 'node:115.145.163.59': 1.0, 'object_store_memory': 3435134976.0, 'accelerator_type:G': 1.0, 'GPU': 1.0}
[2025-01-24 10:02:54,160][flwr][INFO] - Optimize your simulation with Flower VCE: https://flower.ai/docs/framework/how-to-run-simulations.html
[2025-01-24 10:02:54,160][flwr][INFO] - Flower VCE: Resources for each Virtual Client: {'num_cpus': 2, 'num_gpus': 1}
[2025-01-24 10:02:54,191][flwr][INFO] - Flower VCE: Creating VirtualClientEngineActorPool with 1 actors
[2025-01-24 10:02:54,191][flwr][INFO] - [INIT]
[2025-01-24 10:02:54,192][flwr][INFO] - Requesting initial parameters from one random client
[2025-01-24 10:02:59,110][flwr][INFO] - Received initial parameters from one random client
[2025-01-24 10:02:59,111][flwr][INFO] - Evaluating initial global parameters
[2025-01-24 10:03:09,323][flwr][INFO] - initial parameters (loss, other metrics): 2.091715961973244, {'accuracy': 0.12949429991230635, 'precision': 0.08834408789408933, 'recall': 0.11153114227204493}
[2025-01-24 10:03:09,323][flwr][INFO] - 
[2025-01-24 10:03:09,323][flwr][INFO] - [ROUND 1]
[2025-01-24 10:03:09,323][flwr][INFO] - configure_fit: strategy sampled 5 clients (out of 200)
[2025-01-24 10:03:15,862][flwr][INFO] - aggregate_fit: received 5 results and 0 failures
[2025-01-24 10:03:15,957][flwr][WARNING] - No fit_metrics_aggregation_fn provided
[2025-01-24 10:03:23,856][flwr][INFO] - fit progress: (1, 1.962288092229968, {'accuracy': 0.2747734580532008, 'precision': 0.2761604532163743, 'recall': 0.19209672609759426}, 14.532431766041555)
[2025-01-24 10:03:23,856][flwr][INFO] - configure_evaluate: strategy sampled 10 clients (out of 200)
[2025-01-24 10:03:26,253][flwr][INFO] - aggregate_evaluate: received 10 results and 0 failures
[2025-01-24 10:03:26,253][flwr][WARNING] - No evaluate_metrics_aggregation_fn provided
[2025-01-24 10:03:26,253][flwr][INFO] - 
[2025-01-24 10:03:26,253][flwr][INFO] - [ROUND 2]
[2025-01-24 10:03:26,253][flwr][INFO] - configure_fit: strategy sampled 5 clients (out of 200)
[2025-01-24 10:03:30,321][flwr][INFO] - aggregate_fit: received 5 results and 0 failures
[2025-01-24 10:03:38,319][flwr][INFO] - fit progress: (2, 1.6255852407384142, {'accuracy': 0.40806781642794504, 'precision': 0.5466139246233026, 'recall': 0.4227665682482548}, 28.99550876102876)
[2025-01-24 10:03:38,319][flwr][INFO] - configure_evaluate: strategy sampled 10 clients (out of 200)
[2025-01-24 10:03:40,621][flwr][INFO] - aggregate_evaluate: received 10 results and 0 failures
[2025-01-24 10:03:40,621][flwr][INFO] - 
[2025-01-24 10:03:40,621][flwr][INFO] - [ROUND 3]
[2025-01-24 10:03:40,621][flwr][INFO] - configure_fit: strategy sampled 5 clients (out of 200)
[2025-01-24 10:03:44,577][flwr][INFO] - aggregate_fit: received 5 results and 0 failures
[2025-01-24 10:03:52,740][flwr][INFO] - fit progress: (3, 1.0180904018544705, {'accuracy': 0.6384098216895645, 'precision': 0.623043967474167, 'recall': 0.5748761935223881}, 43.41720934200566)
[2025-01-24 10:03:52,741][flwr][INFO] - configure_evaluate: strategy sampled 10 clients (out of 200)
[2025-01-24 10:03:54,852][flwr][INFO] - aggregate_evaluate: received 10 results and 0 failures
[2025-01-24 10:03:54,852][flwr][INFO] - 
[2025-01-24 10:03:54,852][flwr][INFO] - [ROUND 4]
[2025-01-24 10:03:54,852][flwr][INFO] - configure_fit: strategy sampled 5 clients (out of 200)
[2025-01-24 10:03:58,900][flwr][INFO] - aggregate_fit: received 5 results and 0 failures
[2025-01-24 10:04:06,959][flwr][INFO] - fit progress: (4, 0.7535645463199259, {'accuracy': 0.7331189710610932, 'precision': 0.798692811741031, 'recall': 0.6644313664803234}, 57.63608738500625)
[2025-01-24 10:04:06,960][flwr][INFO] - configure_evaluate: strategy sampled 10 clients (out of 200)
[2025-01-24 10:04:09,204][flwr][INFO] - aggregate_evaluate: received 10 results and 0 failures
[2025-01-24 10:04:09,204][flwr][INFO] - 
[2025-01-24 10:04:09,204][flwr][INFO] - [ROUND 5]
[2025-01-24 10:04:09,204][flwr][INFO] - configure_fit: strategy sampled 5 clients (out of 200)
[2025-01-24 10:04:13,204][flwr][INFO] - aggregate_fit: received 5 results and 0 failures
[2025-01-24 10:04:21,358][flwr][INFO] - fit progress: (5, 0.6617423911518026, {'accuracy': 0.7570885705933937, 'precision': 0.7948767016843217, 'recall': 0.6926679958196225}, 72.03451906202827)
[2025-01-24 10:04:21,358][flwr][INFO] - configure_evaluate: strategy sampled 10 clients (out of 200)
[2025-01-24 10:04:23,695][flwr][INFO] - aggregate_evaluate: received 10 results and 0 failures
[2025-01-24 10:04:23,695][flwr][INFO] - 
[2025-01-24 10:04:23,695][flwr][INFO] - [SUMMARY]
[2025-01-24 10:04:23,695][flwr][INFO] - Run finished 5 round(s) in 74.37s
[2025-01-24 10:04:23,696][flwr][INFO] - 	History (loss, distributed):
[2025-01-24 10:04:23,696][flwr][INFO] - 		round 1: 1.978283905982971
[2025-01-24 10:04:23,696][flwr][INFO] - 		round 2: 1.5989313125610352
[2025-01-24 10:04:23,696][flwr][INFO] - 		round 3: 0.8223896086215973
[2025-01-24 10:04:23,696][flwr][INFO] - 		round 4: 0.5615086004137992
[2025-01-24 10:04:23,696][flwr][INFO] - 		round 5: 0.6719094820320606
[2025-01-24 10:04:23,696][flwr][INFO] - 	History (loss, centralized):
[2025-01-24 10:04:23,696][flwr][INFO] - 		round 0: 2.091715961973244
[2025-01-24 10:04:23,696][flwr][INFO] - 		round 1: 1.962288092229968
[2025-01-24 10:04:23,696][flwr][INFO] - 		round 2: 1.6255852407384142
[2025-01-24 10:04:23,696][flwr][INFO] - 		round 3: 1.0180904018544705
[2025-01-24 10:04:23,696][flwr][INFO] - 		round 4: 0.7535645463199259
[2025-01-24 10:04:23,697][flwr][INFO] - 		round 5: 0.6617423911518026
[2025-01-24 10:04:23,697][flwr][INFO] - 	History (metrics, centralized):
[2025-01-24 10:04:23,697][flwr][INFO] - 	{'accuracy': [(0, 0.12949429991230635),
[2025-01-24 10:04:23,697][flwr][INFO] - 	              (1, 0.2747734580532008),
[2025-01-24 10:04:23,697][flwr][INFO] - 	              (2, 0.40806781642794504),
[2025-01-24 10:04:23,697][flwr][INFO] - 	              (3, 0.6384098216895645),
[2025-01-24 10:04:23,697][flwr][INFO] - 	              (4, 0.7331189710610932),
[2025-01-24 10:04:23,697][flwr][INFO] - 	              (5, 0.7570885705933937)],
[2025-01-24 10:04:23,697][flwr][INFO] - 	 'precision': [(0, 0.08834408789408933),
[2025-01-24 10:04:23,697][flwr][INFO] - 	               (1, 0.2761604532163743),
[2025-01-24 10:04:23,697][flwr][INFO] - 	               (2, 0.5466139246233026),
[2025-01-24 10:04:23,697][flwr][INFO] - 	               (3, 0.623043967474167),
[2025-01-24 10:04:23,697][flwr][INFO] - 	               (4, 0.798692811741031),
[2025-01-24 10:04:23,697][flwr][INFO] - 	               (5, 0.7948767016843217)],
[2025-01-24 10:04:23,697][flwr][INFO] - 	 'recall': [(0, 0.11153114227204493),
[2025-01-24 10:04:23,697][flwr][INFO] - 	            (1, 0.19209672609759426),
[2025-01-24 10:04:23,697][flwr][INFO] - 	            (2, 0.4227665682482548),
[2025-01-24 10:04:23,697][flwr][INFO] - 	            (3, 0.5748761935223881),
[2025-01-24 10:04:23,697][flwr][INFO] - 	            (4, 0.6644313664803234),
[2025-01-24 10:04:23,697][flwr][INFO] - 	            (5, 0.6926679958196225)]}
[2025-01-24 10:04:23,697][flwr][INFO] - 
