[2025-01-23 17:24:00,487][flwr][INFO] - Starting Flower simulation, config: num_rounds=5, no round_timeout
[2025-01-23 17:24:05,669][flwr][INFO] - Flower VCE: Ray initialized with resources: {'node:__internal_head__': 1.0, 'memory': 4862730240.0, 'CPU': 12.0, 'node:115.145.163.59': 1.0, 'object_store_memory': 2431365120.0, 'accelerator_type:G': 1.0, 'GPU': 1.0}
[2025-01-23 17:24:05,669][flwr][INFO] - Optimize your simulation with Flower VCE: https://flower.ai/docs/framework/how-to-run-simulations.html
[2025-01-23 17:24:05,669][flwr][INFO] - Flower VCE: Resources for each Virtual Client: {'num_cpus': 2, 'num_gpus': 1}
[2025-01-23 17:24:05,683][flwr][INFO] - Flower VCE: Creating VirtualClientEngineActorPool with 1 actors
[2025-01-23 17:24:05,684][flwr][INFO] - [INIT]
[2025-01-23 17:24:05,684][flwr][INFO] - Requesting initial parameters from one random client
[2025-01-23 17:24:09,398][flwr][INFO] - Received initial parameters from one random client
[2025-01-23 17:24:09,398][flwr][INFO] - Evaluating initial global parameters
[2025-01-23 17:24:17,372][flwr][INFO] - initial parameters (loss, other metrics): 2.2461569041849296, {'accuracy': 0.10552470038000585, 'precision': 0.06088992858529892, 'recall': 0.09273167526094453}
[2025-01-23 17:24:17,372][flwr][INFO] - 
[2025-01-23 17:24:17,372][flwr][INFO] - [ROUND 1]
[2025-01-23 17:24:17,372][flwr][INFO] - configure_fit: strategy sampled 5 clients (out of 200)
[2025-01-23 17:24:21,643][flwr][INFO] - aggregate_fit: received 5 results and 0 failures
[2025-01-23 17:24:21,737][flwr][WARNING] - No fit_metrics_aggregation_fn provided
[2025-01-23 17:24:29,390][flwr][INFO] - fit progress: (1, 2.026327148776188, {'accuracy': 0.3507746273019585, 'precision': 0.18870033957753352, 'recall': 0.26631171922009683}, 12.017991236003581)
[2025-01-23 17:24:29,390][flwr][INFO] - configure_evaluate: strategy sampled 10 clients (out of 200)
[2025-01-23 17:24:31,663][flwr][INFO] - aggregate_evaluate: received 10 results and 0 failures
[2025-01-23 17:24:31,664][flwr][INFO] - 
[2025-01-23 17:24:31,664][flwr][INFO] - [ROUND 2]
[2025-01-23 17:24:31,664][flwr][INFO] - configure_fit: strategy sampled 5 clients (out of 200)
[2025-01-23 17:24:35,590][flwr][INFO] - aggregate_fit: received 5 results and 0 failures
[2025-01-23 17:24:43,372][flwr][INFO] - fit progress: (2, 1.6422442910827209, {'accuracy': 0.45834551300789245, 'precision': 0.5399489925413767, 'recall': 0.4473693677946189}, 26.000300190993585)
[2025-01-23 17:24:43,372][flwr][INFO] - configure_evaluate: strategy sampled 10 clients (out of 200)
[2025-01-23 17:24:45,626][flwr][INFO] - aggregate_evaluate: received 10 results and 0 failures
[2025-01-23 17:24:45,626][flwr][INFO] - 
[2025-01-23 17:24:45,626][flwr][INFO] - [ROUND 3]
[2025-01-23 17:24:45,626][flwr][INFO] - configure_fit: strategy sampled 5 clients (out of 200)
[2025-01-23 17:24:49,454][flwr][INFO] - aggregate_fit: received 5 results and 0 failures
[2025-01-23 17:24:57,297][flwr][INFO] - fit progress: (3, 1.050238202108401, {'accuracy': 0.645717626425022, 'precision': 0.6168080025881948, 'recall': 0.5943369573013333}, 39.925353856990114)
[2025-01-23 17:24:57,297][flwr][INFO] - configure_evaluate: strategy sampled 10 clients (out of 200)
[2025-01-23 17:24:59,337][flwr][INFO] - aggregate_evaluate: received 10 results and 0 failures
[2025-01-23 17:24:59,337][flwr][INFO] - 
[2025-01-23 17:24:59,337][flwr][INFO] - [ROUND 4]
[2025-01-23 17:24:59,337][flwr][INFO] - configure_fit: strategy sampled 5 clients (out of 200)
[2025-01-23 17:25:03,308][flwr][INFO] - aggregate_fit: received 5 results and 0 failures
[2025-01-23 17:25:11,105][flwr][INFO] - fit progress: (4, 0.9242077631371044, {'accuracy': 0.6787489038292897, 'precision': 0.7524810694916029, 'recall': 0.6131424315189611}, 53.73282149899751)
[2025-01-23 17:25:11,105][flwr][INFO] - configure_evaluate: strategy sampled 10 clients (out of 200)
[2025-01-23 17:25:13,186][flwr][INFO] - aggregate_evaluate: received 10 results and 0 failures
[2025-01-23 17:25:13,186][flwr][INFO] - 
[2025-01-23 17:25:13,186][flwr][INFO] - [ROUND 5]
[2025-01-23 17:25:13,187][flwr][INFO] - configure_fit: strategy sampled 5 clients (out of 200)
[2025-01-23 17:25:17,053][flwr][INFO] - aggregate_fit: received 5 results and 0 failures
[2025-01-23 17:25:24,892][flwr][INFO] - fit progress: (5, 0.7253983655822611, {'accuracy': 0.7471499561531716, 'precision': 0.7622662441674255, 'recall': 0.7054423104795048}, 67.52061967202462)
[2025-01-23 17:25:24,893][flwr][INFO] - configure_evaluate: strategy sampled 10 clients (out of 200)
[2025-01-23 17:25:27,196][flwr][INFO] - aggregate_evaluate: received 10 results and 0 failures
[2025-01-23 17:25:27,196][flwr][INFO] - 
[2025-01-23 17:25:27,196][flwr][INFO] - [SUMMARY]
[2025-01-23 17:25:27,197][flwr][INFO] - Run finished 5 round(s) in 69.82s
[2025-01-23 17:25:27,197][flwr][INFO] - 	History (loss, distributed):
[2025-01-23 17:25:27,197][flwr][INFO] - 		round 1: 2.0484797954559326
[2025-01-23 17:25:27,197][flwr][INFO] - 		round 2: 1.5174299120903014
[2025-01-23 17:25:27,197][flwr][INFO] - 		round 3: 0.9338366955518722
[2025-01-23 17:25:27,197][flwr][INFO] - 		round 4: 0.9192838281393051
[2025-01-23 17:25:27,197][flwr][INFO] - 		round 5: 0.7891049571335316
[2025-01-23 17:25:27,197][flwr][INFO] - 	History (loss, centralized):
[2025-01-23 17:25:27,197][flwr][INFO] - 		round 0: 2.2461569041849296
[2025-01-23 17:25:27,197][flwr][INFO] - 		round 1: 2.026327148776188
[2025-01-23 17:25:27,197][flwr][INFO] - 		round 2: 1.6422442910827209
[2025-01-23 17:25:27,197][flwr][INFO] - 		round 3: 1.050238202108401
[2025-01-23 17:25:27,197][flwr][INFO] - 		round 4: 0.9242077631371044
[2025-01-23 17:25:27,197][flwr][INFO] - 		round 5: 0.7253983655822611
[2025-01-23 17:25:27,198][flwr][INFO] - 	History (metrics, distributed, evaluate):
[2025-01-23 17:25:27,198][flwr][INFO] - 	{'accuracy': [(1, 0.3),
[2025-01-23 17:25:27,198][flwr][INFO] - 	              (2, 0.5),
[2025-01-23 17:25:27,198][flwr][INFO] - 	              (3, 0.6666666666666666),
[2025-01-23 17:25:27,198][flwr][INFO] - 	              (4, 0.7),
[2025-01-23 17:25:27,198][flwr][INFO] - 	              (5, 0.7166666666666667)]}
[2025-01-23 17:25:27,198][flwr][INFO] - 	History (metrics, centralized):
[2025-01-23 17:25:27,198][flwr][INFO] - 	{'accuracy': [(0, 0.10552470038000585),
[2025-01-23 17:25:27,198][flwr][INFO] - 	              (1, 0.3507746273019585),
[2025-01-23 17:25:27,198][flwr][INFO] - 	              (2, 0.45834551300789245),
[2025-01-23 17:25:27,198][flwr][INFO] - 	              (3, 0.645717626425022),
[2025-01-23 17:25:27,198][flwr][INFO] - 	              (4, 0.6787489038292897),
[2025-01-23 17:25:27,198][flwr][INFO] - 	              (5, 0.7471499561531716)],
[2025-01-23 17:25:27,198][flwr][INFO] - 	 'precision': [(0, 0.06088992858529892),
[2025-01-23 17:25:27,198][flwr][INFO] - 	               (1, 0.18870033957753352),
[2025-01-23 17:25:27,198][flwr][INFO] - 	               (2, 0.5399489925413767),
[2025-01-23 17:25:27,198][flwr][INFO] - 	               (3, 0.6168080025881948),
[2025-01-23 17:25:27,198][flwr][INFO] - 	               (4, 0.7524810694916029),
[2025-01-23 17:25:27,198][flwr][INFO] - 	               (5, 0.7622662441674255)],
[2025-01-23 17:25:27,198][flwr][INFO] - 	 'recall': [(0, 0.09273167526094453),
[2025-01-23 17:25:27,198][flwr][INFO] - 	            (1, 0.26631171922009683),
[2025-01-23 17:25:27,198][flwr][INFO] - 	            (2, 0.4473693677946189),
[2025-01-23 17:25:27,198][flwr][INFO] - 	            (3, 0.5943369573013333),
[2025-01-23 17:25:27,198][flwr][INFO] - 	            (4, 0.6131424315189611),
[2025-01-23 17:25:27,198][flwr][INFO] - 	            (5, 0.7054423104795048)]}
[2025-01-23 17:25:27,198][flwr][INFO] - 
