[2025-01-23 14:13:50,939][flwr][INFO] - Starting Flower simulation, config: num_rounds=5, no round_timeout
[2025-01-23 14:13:56,216][flwr][INFO] - Flower VCE: Ray initialized with resources: {'memory': 5316447438.0, 'node:__internal_head__': 1.0, 'CPU': 12.0, 'object_store_memory': 2658223718.0, 'node:115.145.163.59': 1.0, 'GPU': 1.0, 'accelerator_type:G': 1.0}
[2025-01-23 14:13:56,216][flwr][INFO] - Optimize your simulation with Flower VCE: https://flower.ai/docs/framework/how-to-run-simulations.html
[2025-01-23 14:13:56,216][flwr][INFO] - Flower VCE: Resources for each Virtual Client: {'num_cpus': 2, 'num_gpus': 1}
[2025-01-23 14:13:56,232][flwr][INFO] - Flower VCE: Creating VirtualClientEngineActorPool with 1 actors
[2025-01-23 14:13:56,233][flwr][INFO] - [INIT]
[2025-01-23 14:13:56,233][flwr][INFO] - Requesting initial parameters from one random client
[2025-01-23 14:14:00,087][flwr][INFO] - Received initial parameters from one random client
[2025-01-23 14:14:00,087][flwr][INFO] - Evaluating initial global parameters
[2025-01-23 14:14:08,226][flwr][INFO] - initial parameters (loss, other metrics): 236.21521139144897, {'accuracy': 0.17451037708272435, 'blabla': 1}
[2025-01-23 14:14:08,226][flwr][INFO] - 
[2025-01-23 14:14:08,226][flwr][INFO] - [ROUND 1]
[2025-01-23 14:14:08,226][flwr][INFO] - configure_fit: strategy sampled 5 clients (out of 200)
[2025-01-23 14:14:12,581][flwr][INFO] - aggregate_fit: received 5 results and 0 failures
[2025-01-23 14:14:12,678][flwr][WARNING] - No fit_metrics_aggregation_fn provided
[2025-01-23 14:14:20,459][flwr][INFO] - fit progress: (1, 216.75440955162048, {'accuracy': 0.2782812043262204, 'blabla': 1}, 12.232901590003166)
[2025-01-23 14:14:20,459][flwr][INFO] - configure_evaluate: strategy sampled 10 clients (out of 200)
[2025-01-23 14:14:22,605][flwr][INFO] - aggregate_evaluate: received 10 results and 0 failures
[2025-01-23 14:14:22,605][flwr][INFO] - 
[2025-01-23 14:14:22,605][flwr][INFO] - [ROUND 2]
[2025-01-23 14:14:22,605][flwr][INFO] - configure_fit: strategy sampled 5 clients (out of 200)
[2025-01-23 14:14:26,598][flwr][INFO] - aggregate_fit: received 5 results and 0 failures
[2025-01-23 14:14:34,658][flwr][INFO] - fit progress: (2, 173.17257177829742, {'accuracy': 0.5562700964630225, 'blabla': 1}, 26.431591733009554)
[2025-01-23 14:14:34,658][flwr][INFO] - configure_evaluate: strategy sampled 10 clients (out of 200)
[2025-01-23 14:14:36,785][flwr][INFO] - aggregate_evaluate: received 10 results and 0 failures
[2025-01-23 14:14:36,785][flwr][INFO] - 
[2025-01-23 14:14:36,786][flwr][INFO] - [ROUND 3]
[2025-01-23 14:14:36,786][flwr][INFO] - configure_fit: strategy sampled 5 clients (out of 200)
[2025-01-23 14:14:40,673][flwr][INFO] - aggregate_fit: received 5 results and 0 failures
[2025-01-23 14:14:48,824][flwr][INFO] - fit progress: (3, 122.75381338596344, {'accuracy': 0.6039169833382052, 'blabla': 1}, 40.597875446022954)
[2025-01-23 14:14:48,824][flwr][INFO] - configure_evaluate: strategy sampled 10 clients (out of 200)
[2025-01-23 14:14:50,815][flwr][INFO] - aggregate_evaluate: received 10 results and 0 failures
[2025-01-23 14:14:50,815][flwr][INFO] - 
[2025-01-23 14:14:50,815][flwr][INFO] - [ROUND 4]
[2025-01-23 14:14:50,815][flwr][INFO] - configure_fit: strategy sampled 5 clients (out of 200)
[2025-01-23 14:14:54,814][flwr][INFO] - aggregate_fit: received 5 results and 0 failures
[2025-01-23 14:15:02,754][flwr][INFO] - fit progress: (4, 82.74095153808594, {'accuracy': 0.7421806489330605, 'blabla': 1}, 54.52754146698862)
[2025-01-23 14:15:02,754][flwr][INFO] - configure_evaluate: strategy sampled 10 clients (out of 200)
[2025-01-23 14:15:04,779][flwr][INFO] - aggregate_evaluate: received 10 results and 0 failures
[2025-01-23 14:15:04,779][flwr][INFO] - 
[2025-01-23 14:15:04,779][flwr][INFO] - [ROUND 5]
[2025-01-23 14:15:04,779][flwr][INFO] - configure_fit: strategy sampled 5 clients (out of 200)
[2025-01-23 14:15:08,698][flwr][INFO] - aggregate_fit: received 5 results and 0 failures
[2025-01-23 14:15:16,691][flwr][INFO] - fit progress: (5, 64.36706298589706, {'accuracy': 0.7895352236188249, 'blabla': 1}, 68.46497735602316)
[2025-01-23 14:15:16,691][flwr][INFO] - configure_evaluate: strategy sampled 10 clients (out of 200)
[2025-01-23 14:15:18,782][flwr][INFO] - aggregate_evaluate: received 10 results and 0 failures
[2025-01-23 14:15:18,782][flwr][INFO] - 
[2025-01-23 14:15:18,782][flwr][INFO] - [SUMMARY]
[2025-01-23 14:15:18,782][flwr][INFO] - Run finished 5 round(s) in 70.56s
[2025-01-23 14:15:18,783][flwr][INFO] - 	History (loss, distributed):
[2025-01-23 14:15:18,783][flwr][INFO] - 		round 1: 2.0711273193359374
[2025-01-23 14:15:18,783][flwr][INFO] - 		round 2: 1.6706272602081298
[2025-01-23 14:15:18,783][flwr][INFO] - 		round 3: 0.9937363505363465
[2025-01-23 14:15:18,783][flwr][INFO] - 		round 4: 0.8266921550035476
[2025-01-23 14:15:18,783][flwr][INFO] - 		round 5: 0.4905541464686394
[2025-01-23 14:15:18,783][flwr][INFO] - 	History (loss, centralized):
[2025-01-23 14:15:18,783][flwr][INFO] - 		round 0: 236.21521139144897
[2025-01-23 14:15:18,783][flwr][INFO] - 		round 1: 216.75440955162048
[2025-01-23 14:15:18,783][flwr][INFO] - 		round 2: 173.17257177829742
[2025-01-23 14:15:18,783][flwr][INFO] - 		round 3: 122.75381338596344
[2025-01-23 14:15:18,783][flwr][INFO] - 		round 4: 82.74095153808594
[2025-01-23 14:15:18,783][flwr][INFO] - 		round 5: 64.36706298589706
[2025-01-23 14:15:18,784][flwr][INFO] - 	History (metrics, distributed, evaluate):
[2025-01-23 14:15:18,784][flwr][INFO] - 	{'accuracy': [(1, 0.21666666666666667),
[2025-01-23 14:15:18,784][flwr][INFO] - 	              (2, 0.5166666666666667),
[2025-01-23 14:15:18,784][flwr][INFO] - 	              (3, 0.6666666666666666),
[2025-01-23 14:15:18,784][flwr][INFO] - 	              (4, 0.7),
[2025-01-23 14:15:18,784][flwr][INFO] - 	              (5, 0.8333333333333334)]}
[2025-01-23 14:15:18,784][flwr][INFO] - 	History (metrics, centralized):
[2025-01-23 14:15:18,784][flwr][INFO] - 	{'accuracy': [(0, 0.17451037708272435),
[2025-01-23 14:15:18,784][flwr][INFO] - 	              (1, 0.2782812043262204),
[2025-01-23 14:15:18,784][flwr][INFO] - 	              (2, 0.5562700964630225),
[2025-01-23 14:15:18,784][flwr][INFO] - 	              (3, 0.6039169833382052),
[2025-01-23 14:15:18,784][flwr][INFO] - 	              (4, 0.7421806489330605),
[2025-01-23 14:15:18,784][flwr][INFO] - 	              (5, 0.7895352236188249)],
[2025-01-23 14:15:18,784][flwr][INFO] - 	 'blabla': [(0, 1), (1, 1), (2, 1), (3, 1), (4, 1), (5, 1)]}
[2025-01-23 14:15:18,784][flwr][INFO] - 
