[2025-01-23 17:44:21,190][flwr][INFO] - Starting Flower simulation, config: num_rounds=5, no round_timeout
[2025-01-23 17:44:26,461][flwr][INFO] - Flower VCE: Ray initialized with resources: {'CPU': 12.0, 'memory': 4835802318.0, 'object_store_memory': 2417901158.0, 'node:115.145.163.59': 1.0, 'GPU': 1.0, 'accelerator_type:G': 1.0, 'node:__internal_head__': 1.0}
[2025-01-23 17:44:26,462][flwr][INFO] - Optimize your simulation with Flower VCE: https://flower.ai/docs/framework/how-to-run-simulations.html
[2025-01-23 17:44:26,462][flwr][INFO] - Flower VCE: Resources for each Virtual Client: {'num_cpus': 2, 'num_gpus': 1}
[2025-01-23 17:44:26,475][flwr][INFO] - Flower VCE: Creating VirtualClientEngineActorPool with 1 actors
[2025-01-23 17:44:26,475][flwr][INFO] - [INIT]
[2025-01-23 17:44:26,475][flwr][INFO] - Requesting initial parameters from one random client
[2025-01-23 17:44:30,239][flwr][INFO] - Received initial parameters from one random client
[2025-01-23 17:44:30,239][flwr][INFO] - Evaluating initial global parameters
[2025-01-23 17:44:38,190][flwr][INFO] - initial parameters (loss, other metrics): 2.196834506275498, {'accuracy': 0.15317158725518853, 'precision': 0.03989714397093748, 'recall': 0.12979871752471245}
[2025-01-23 17:44:38,190][flwr][INFO] - 
[2025-01-23 17:44:38,190][flwr][INFO] - [ROUND 1]
[2025-01-23 17:44:38,190][flwr][INFO] - configure_fit: strategy sampled 5 clients (out of 200)
[2025-01-23 17:44:42,485][flwr][INFO] - aggregate_fit: received 5 results and 0 failures
[2025-01-23 17:44:42,587][flwr][WARNING] - No fit_metrics_aggregation_fn provided
[2025-01-23 17:44:50,308][flwr][INFO] - fit progress: (1, 2.0201590016623525, {'accuracy': 0.26337328266588717, 'precision': 0.12629536868966862, 'recall': 0.21117109955330404}, 12.11824511695886)
[2025-01-23 17:44:50,308][flwr][INFO] - configure_evaluate: strategy sampled 10 clients (out of 200)
[2025-01-23 17:44:52,537][flwr][INFO] - aggregate_evaluate: received 10 results and 0 failures
[2025-01-23 17:44:52,537][flwr][INFO] - 
[2025-01-23 17:44:52,537][flwr][INFO] - [ROUND 2]
[2025-01-23 17:44:52,537][flwr][INFO] - configure_fit: strategy sampled 5 clients (out of 200)
[2025-01-23 17:44:56,523][flwr][INFO] - aggregate_fit: received 5 results and 0 failures
[2025-01-23 17:45:04,402][flwr][INFO] - fit progress: (2, 1.6198073113076041, {'accuracy': 0.4621455714703303, 'precision': 0.4894399220243829, 'recall': 0.4031220014063468}, 26.212103614001535)
[2025-01-23 17:45:04,402][flwr][INFO] - configure_evaluate: strategy sampled 10 clients (out of 200)
[2025-01-23 17:45:06,651][flwr][INFO] - aggregate_evaluate: received 10 results and 0 failures
[2025-01-23 17:45:06,651][flwr][INFO] - 
[2025-01-23 17:45:06,651][flwr][INFO] - [ROUND 3]
[2025-01-23 17:45:06,652][flwr][INFO] - configure_fit: strategy sampled 5 clients (out of 200)
[2025-01-23 17:45:10,549][flwr][INFO] - aggregate_fit: received 5 results and 0 failures
[2025-01-23 17:45:18,396][flwr][INFO] - fit progress: (3, 1.4705481752056941, {'accuracy': 0.48494592224495764, 'precision': 0.623193975152938, 'recall': 0.47135442725643195}, 40.20633057795931)
[2025-01-23 17:45:18,397][flwr][INFO] - configure_evaluate: strategy sampled 10 clients (out of 200)
[2025-01-23 17:45:20,452][flwr][INFO] - aggregate_evaluate: received 10 results and 0 failures
[2025-01-23 17:45:20,452][flwr][INFO] - 
[2025-01-23 17:45:20,452][flwr][INFO] - [ROUND 4]
[2025-01-23 17:45:20,452][flwr][INFO] - configure_fit: strategy sampled 5 clients (out of 200)
[2025-01-23 17:45:24,425][flwr][INFO] - aggregate_fit: received 5 results and 0 failures
[2025-01-23 17:45:32,302][flwr][INFO] - fit progress: (4, 1.295772942427163, {'accuracy': 0.5673779596609179, 'precision': 0.7225673149267342, 'recall': 0.5307762060788427}, 54.1119750039652)
[2025-01-23 17:45:32,302][flwr][INFO] - configure_evaluate: strategy sampled 10 clients (out of 200)
[2025-01-23 17:45:34,385][flwr][INFO] - aggregate_evaluate: received 10 results and 0 failures
[2025-01-23 17:45:34,385][flwr][INFO] - 
[2025-01-23 17:45:34,385][flwr][INFO] - [ROUND 5]
[2025-01-23 17:45:34,385][flwr][INFO] - configure_fit: strategy sampled 5 clients (out of 200)
[2025-01-23 17:45:38,244][flwr][INFO] - aggregate_fit: received 5 results and 0 failures
[2025-01-23 17:45:46,068][flwr][INFO] - fit progress: (5, 0.8044282340000724, {'accuracy': 0.7442268342589886, 'precision': 0.7558545334288206, 'recall': 0.6907178956266922}, 67.87795781897148)
[2025-01-23 17:45:46,068][flwr][INFO] - configure_evaluate: strategy sampled 10 clients (out of 200)
[2025-01-23 17:45:48,305][flwr][INFO] - aggregate_evaluate: received 10 results and 0 failures
[2025-01-23 17:45:48,305][flwr][INFO] - 
[2025-01-23 17:45:48,305][flwr][INFO] - [SUMMARY]
[2025-01-23 17:45:48,305][flwr][INFO] - Run finished 5 round(s) in 70.12s
[2025-01-23 17:45:48,306][flwr][INFO] - 	History (loss, distributed):
[2025-01-23 17:45:48,306][flwr][INFO] - 		round 1: 2.0499451875686647
[2025-01-23 17:45:48,306][flwr][INFO] - 		round 2: 1.5892082571983337
[2025-01-23 17:45:48,306][flwr][INFO] - 		round 3: 1.274428129196167
[2025-01-23 17:45:48,306][flwr][INFO] - 		round 4: 1.3361410826444626
[2025-01-23 17:45:48,306][flwr][INFO] - 		round 5: 0.6666591219604016
[2025-01-23 17:45:48,306][flwr][INFO] - 	History (loss, centralized):
[2025-01-23 17:45:48,306][flwr][INFO] - 		round 0: 2.196834506275498
[2025-01-23 17:45:48,306][flwr][INFO] - 		round 1: 2.0201590016623525
[2025-01-23 17:45:48,306][flwr][INFO] - 		round 2: 1.6198073113076041
[2025-01-23 17:45:48,306][flwr][INFO] - 		round 3: 1.4705481752056941
[2025-01-23 17:45:48,306][flwr][INFO] - 		round 4: 1.295772942427163
[2025-01-23 17:45:48,306][flwr][INFO] - 		round 5: 0.8044282340000724
[2025-01-23 17:45:48,306][flwr][INFO] - 	History (metrics, distributed, evaluate):
[2025-01-23 17:45:48,307][flwr][INFO] - 	{'accuracy': [(1, 0.25),
[2025-01-23 17:45:48,307][flwr][INFO] - 	              (2, 0.5166666666666667),
[2025-01-23 17:45:48,307][flwr][INFO] - 	              (3, 0.6),
[2025-01-23 17:45:48,307][flwr][INFO] - 	              (4, 0.6333333333333333),
[2025-01-23 17:45:48,307][flwr][INFO] - 	              (5, 0.7)]}
[2025-01-23 17:45:48,307][flwr][INFO] - 	History (metrics, centralized):
[2025-01-23 17:45:48,307][flwr][INFO] - 	{'accuracy': [(0, 0.15317158725518853),
[2025-01-23 17:45:48,307][flwr][INFO] - 	              (1, 0.26337328266588717),
[2025-01-23 17:45:48,307][flwr][INFO] - 	              (2, 0.4621455714703303),
[2025-01-23 17:45:48,307][flwr][INFO] - 	              (3, 0.48494592224495764),
[2025-01-23 17:45:48,307][flwr][INFO] - 	              (4, 0.5673779596609179),
[2025-01-23 17:45:48,307][flwr][INFO] - 	              (5, 0.7442268342589886)],
[2025-01-23 17:45:48,307][flwr][INFO] - 	 'precision': [(0, 0.03989714397093748),
[2025-01-23 17:45:48,307][flwr][INFO] - 	               (1, 0.12629536868966862),
[2025-01-23 17:45:48,307][flwr][INFO] - 	               (2, 0.4894399220243829),
[2025-01-23 17:45:48,307][flwr][INFO] - 	               (3, 0.623193975152938),
[2025-01-23 17:45:48,307][flwr][INFO] - 	               (4, 0.7225673149267342),
[2025-01-23 17:45:48,307][flwr][INFO] - 	               (5, 0.7558545334288206)],
[2025-01-23 17:45:48,307][flwr][INFO] - 	 'recall': [(0, 0.12979871752471245),
[2025-01-23 17:45:48,307][flwr][INFO] - 	            (1, 0.21117109955330404),
[2025-01-23 17:45:48,308][flwr][INFO] - 	            (2, 0.4031220014063468),
[2025-01-23 17:45:48,308][flwr][INFO] - 	            (3, 0.47135442725643195),
[2025-01-23 17:45:48,308][flwr][INFO] - 	            (4, 0.5307762060788427),
[2025-01-23 17:45:48,308][flwr][INFO] - 	            (5, 0.6907178956266922)]}
[2025-01-23 17:45:48,308][flwr][INFO] - 
