[2025-01-24 10:11:43,688][flwr][INFO] - Starting Flower simulation, config: num_rounds=5, no round_timeout
[2025-01-24 10:11:49,171][flwr][INFO] - Flower VCE: Ray initialized with resources: {'CPU': 12.0, 'node:__internal_head__': 1.0, 'GPU': 1.0, 'accelerator_type:G': 1.0, 'memory': 6813875406.0, 'node:115.145.163.59': 1.0, 'object_store_memory': 3406937702.0}
[2025-01-24 10:11:49,171][flwr][INFO] - Optimize your simulation with Flower VCE: https://flower.ai/docs/framework/how-to-run-simulations.html
[2025-01-24 10:11:49,171][flwr][INFO] - Flower VCE: Resources for each Virtual Client: {'num_cpus': 2, 'num_gpus': 1}
[2025-01-24 10:11:49,188][flwr][INFO] - Flower VCE: Creating VirtualClientEngineActorPool with 1 actors
[2025-01-24 10:11:49,189][flwr][INFO] - [INIT]
[2025-01-24 10:11:49,189][flwr][INFO] - Requesting initial parameters from one random client
[2025-01-24 10:11:54,021][flwr][INFO] - Received initial parameters from one random client
[2025-01-24 10:11:54,021][flwr][INFO] - Evaluating initial global parameters
[2025-01-24 10:12:19,556][flwr][INFO] - initial parameters (loss, other metrics): 2.0941110013801363, {'accuracy': 0.0920783396667641, 'precision': 0.15257607343120938, 'recall': 0.08939420136173384}
[2025-01-24 10:12:19,557][flwr][INFO] - 
[2025-01-24 10:12:19,557][flwr][INFO] - [ROUND 1]
[2025-01-24 10:12:19,557][flwr][INFO] - configure_fit: strategy sampled 5 clients (out of 200)
[2025-01-24 10:12:37,788][flwr][INFO] - aggregate_fit: received 5 results and 0 failures
[2025-01-24 10:12:38,456][flwr][WARNING] - No fit_metrics_aggregation_fn provided
[2025-01-24 10:13:03,854][flwr][INFO] - fit progress: (1, 2.110876659366572, {'accuracy': 0.2098801520023385, 'precision': 0.061741811321574115, 'recall': 0.13822147638637}, 44.29716269898927)
[2025-01-24 10:13:03,854][flwr][INFO] - configure_evaluate: strategy sampled 10 clients (out of 200)
[2025-01-24 10:13:13,783][flwr][INFO] - aggregate_evaluate: received 10 results and 0 failures
[2025-01-24 10:13:13,783][flwr][INFO] - 
[2025-01-24 10:13:13,783][flwr][INFO] - [ROUND 2]
[2025-01-24 10:13:13,783][flwr][INFO] - configure_fit: strategy sampled 5 clients (out of 200)
[2025-01-24 10:13:31,512][flwr][INFO] - aggregate_fit: received 5 results and 0 failures
[2025-01-24 10:13:57,442][flwr][INFO] - fit progress: (2, 3.0881729215105005, {'accuracy': 0.24349605378544284, 'precision': 0.1865354226911306, 'recall': 0.20030096530198574}, 97.88552272703964)
[2025-01-24 10:13:57,443][flwr][INFO] - configure_evaluate: strategy sampled 10 clients (out of 200)
[2025-01-24 10:14:07,144][flwr][INFO] - aggregate_evaluate: received 10 results and 0 failures
[2025-01-24 10:14:07,144][flwr][INFO] - 
[2025-01-24 10:14:07,144][flwr][INFO] - [ROUND 3]
[2025-01-24 10:14:07,144][flwr][INFO] - configure_fit: strategy sampled 5 clients (out of 200)
[2025-01-24 10:14:24,608][flwr][INFO] - aggregate_fit: received 5 results and 0 failures
[2025-01-24 10:14:50,595][flwr][INFO] - fit progress: (3, 4.146130980732285, {'accuracy': 0.3484361297866121, 'precision': 0.48925809736326453, 'recall': 0.2629757674530362}, 151.03834923601244)
[2025-01-24 10:14:50,595][flwr][INFO] - configure_evaluate: strategy sampled 10 clients (out of 200)
[2025-01-24 10:15:00,093][flwr][INFO] - aggregate_evaluate: received 10 results and 0 failures
[2025-01-24 10:15:00,093][flwr][INFO] - 
[2025-01-24 10:15:00,093][flwr][INFO] - [ROUND 4]
[2025-01-24 10:15:00,093][flwr][INFO] - configure_fit: strategy sampled 5 clients (out of 200)
[2025-01-24 10:15:17,769][flwr][INFO] - aggregate_fit: received 5 results and 0 failures
[2025-01-24 10:15:43,673][flwr][INFO] - fit progress: (4, 1.5493879591193154, {'accuracy': 0.6015784858228588, 'precision': 0.4771473435746427, 'recall': 0.5494983529557693}, 204.1165945000248)
[2025-01-24 10:15:43,674][flwr][INFO] - configure_evaluate: strategy sampled 10 clients (out of 200)
[2025-01-24 10:15:53,087][flwr][INFO] - aggregate_evaluate: received 10 results and 0 failures
[2025-01-24 10:15:53,088][flwr][INFO] - 
[2025-01-24 10:15:53,088][flwr][INFO] - [ROUND 5]
[2025-01-24 10:15:53,088][flwr][INFO] - configure_fit: strategy sampled 5 clients (out of 200)
[2025-01-24 10:16:10,704][flwr][INFO] - aggregate_fit: received 5 results and 0 failures
[2025-01-24 10:16:37,555][flwr][INFO] - fit progress: (5, 1.5974373488782723, {'accuracy': 0.5986553639286758, 'precision': 0.5695675130666527, 'recall': 0.5520669208049047}, 257.99852705502417)
[2025-01-24 10:16:37,555][flwr][INFO] - configure_evaluate: strategy sampled 10 clients (out of 200)
[2025-01-24 10:16:46,981][flwr][INFO] - aggregate_evaluate: received 10 results and 0 failures
[2025-01-24 10:16:46,985][flwr][INFO] - 
[2025-01-24 10:16:46,985][flwr][INFO] - [SUMMARY]
[2025-01-24 10:16:46,985][flwr][INFO] - Run finished 5 round(s) in 267.42s
[2025-01-24 10:16:46,985][flwr][INFO] - 	History (loss, distributed):
[2025-01-24 10:16:46,986][flwr][INFO] - 		round 1: 2.1975252509117125
[2025-01-24 10:16:46,986][flwr][INFO] - 		round 2: 2.7103080570697786
[2025-01-24 10:16:46,986][flwr][INFO] - 		round 3: 4.799477124214173
[2025-01-24 10:16:46,986][flwr][INFO] - 		round 4: 1.9188465893268585
[2025-01-24 10:16:46,986][flwr][INFO] - 		round 5: 1.5617085099220276
[2025-01-24 10:16:46,986][flwr][INFO] - 	History (loss, centralized):
[2025-01-24 10:16:46,986][flwr][INFO] - 		round 0: 2.0941110013801363
[2025-01-24 10:16:46,986][flwr][INFO] - 		round 1: 2.110876659366572
[2025-01-24 10:16:46,986][flwr][INFO] - 		round 2: 3.0881729215105005
[2025-01-24 10:16:46,986][flwr][INFO] - 		round 3: 4.146130980732285
[2025-01-24 10:16:46,986][flwr][INFO] - 		round 4: 1.5493879591193154
[2025-01-24 10:16:46,986][flwr][INFO] - 		round 5: 1.5974373488782723
[2025-01-24 10:16:46,986][flwr][INFO] - 	History (metrics, distributed, evaluate):
[2025-01-24 10:16:46,986][flwr][INFO] - 	{'accuracy': [(1, 0.15),
[2025-01-24 10:16:46,986][flwr][INFO] - 	              (2, 0.3333333333333333),
[2025-01-24 10:16:46,986][flwr][INFO] - 	              (3, 0.25),
[2025-01-24 10:16:46,986][flwr][INFO] - 	              (4, 0.5833333333333334),
[2025-01-24 10:16:46,986][flwr][INFO] - 	              (5, 0.5333333333333333)]}
[2025-01-24 10:16:46,986][flwr][INFO] - 	History (metrics, centralized):
[2025-01-24 10:16:46,986][flwr][INFO] - 	{'accuracy': [(0, 0.0920783396667641),
[2025-01-24 10:16:46,986][flwr][INFO] - 	              (1, 0.2098801520023385),
[2025-01-24 10:16:46,987][flwr][INFO] - 	              (2, 0.24349605378544284),
[2025-01-24 10:16:46,987][flwr][INFO] - 	              (3, 0.3484361297866121),
[2025-01-24 10:16:46,987][flwr][INFO] - 	              (4, 0.6015784858228588),
[2025-01-24 10:16:46,987][flwr][INFO] - 	              (5, 0.5986553639286758)],
[2025-01-24 10:16:46,987][flwr][INFO] - 	 'precision': [(0, 0.15257607343120938),
[2025-01-24 10:16:46,987][flwr][INFO] - 	               (1, 0.061741811321574115),
[2025-01-24 10:16:46,987][flwr][INFO] - 	               (2, 0.1865354226911306),
[2025-01-24 10:16:46,987][flwr][INFO] - 	               (3, 0.48925809736326453),
[2025-01-24 10:16:46,987][flwr][INFO] - 	               (4, 0.4771473435746427),
[2025-01-24 10:16:46,987][flwr][INFO] - 	               (5, 0.5695675130666527)],
[2025-01-24 10:16:46,987][flwr][INFO] - 	 'recall': [(0, 0.08939420136173384),
[2025-01-24 10:16:46,987][flwr][INFO] - 	            (1, 0.13822147638637),
[2025-01-24 10:16:46,987][flwr][INFO] - 	            (2, 0.20030096530198574),
[2025-01-24 10:16:46,987][flwr][INFO] - 	            (3, 0.2629757674530362),
[2025-01-24 10:16:46,987][flwr][INFO] - 	            (4, 0.5494983529557693),
[2025-01-24 10:16:46,987][flwr][INFO] - 	            (5, 0.5520669208049047)]}
[2025-01-24 10:16:46,987][flwr][INFO] - 
